<?xml version="1.0" encoding="UTF-8"?>
<!-- Generated by org.testng.reporters.JUnitXMLReporter -->
<testsuite ignored="0" hostname="GOPIKA" failures="0" tests="3" name="Test-2" time="55.222" errors="0" timestamp="2024-08-05T10:55:03 IST">
  <testcase classname="com.crm.ContactTest.CreateContactTest" name="createContactTest" time="8.718"/>
  <testcase classname="com.crm.ContactTest.CreateContactTest" name="createContactWithOrg" time="20.605"/>
  <testcase classname="com.crm.ContactTest.CreateContactTest" name="createContactWithSupportDateTest" time="7.981"/>
</testsuite> <!-- Test-2 -->
