<?xml version="1.0" encoding="UTF-8"?>
<!-- Generated by org.testng.reporters.JUnitXMLReporter -->
<testsuite ignored="0" hostname="GOPIKA" failures="0" tests="3" name="Test-1" time="49.176" errors="0" timestamp="2024-08-05T10:54:57 IST">
  <testcase classname="com.crm.OrgTest.CreateOrganizatonTest" name="createOrgTest" time="10.292"/>
  <testcase classname="com.crm.OrgTest.CreateOrganizatonTest" name="createOrgWithIndustries" time="9.097"/>
  <testcase classname="com.crm.OrgTest.CreateOrganizatonTest" name="createOrgWithPhoneNumber" time="12.414"/>
</testsuite> <!-- Test-1 -->
