<?xml version="1.0" encoding="UTF-8"?>
<!-- Generated by org.testng.reporters.JUnitXMLReporter -->
<testsuite ignored="2" hostname="GOPIKA" failures="0" tests="6" name="Test-chrome" time="100.346" errors="0" timestamp="2024-08-05T16:15:36 IST">
  <testcase classname="com.crm.OrgTest.CreateOrganizatonTest" name="createOrgTest" time="8.242"/>
  <testcase classname="com.crm.OrgTest.CreateOrganizatonTest" name="createOrgWithIndustries" time="7.383"/>
  <testcase classname="com.crm.OrgTest.CreateOrganizatonTest" name="createOrgWithPhoneNumber" time="12.547"/>
  <testcase classname="com.crm.ContactTest.CreateContactTest" name="createContactTest" time="11.167"/>
  <testcase classname="com.crm.ContactTest.CreateContactTest" name="createContactWithOrg" time="19.612"/>
  <testcase classname="com.crm.ContactTest.CreateContactTest" name="createContactWithSupportDateTest" time="9.756"/>
  <testcase classname="com.comcast.crm.basetest.BaseClass" name="@AfterSuite configAS" time="0.0">
    <ignored/>
  </testcase> <!-- @AfterSuite configAS -->
  <testcase classname="com.comcast.crm.basetest.BaseClass" name="@BeforeSuite configBS" time="0.0">
    <ignored/>
  </testcase> <!-- @BeforeSuite configBS -->
</testsuite> <!-- Test-chrome -->
