<?xml version="1.0" encoding="UTF-8"?>
<!-- Generated by org.testng.reporters.JUnitXMLReporter -->
<testsuite ignored="2" hostname="GOPIKA" failures="0" tests="6" name="Test-edge" time="100.947" errors="0" timestamp="2024-08-05T16:15:37 IST">
  <testcase classname="com.crm.OrgTest.CreateOrganizatonTest" name="createOrgTest" time="8.666"/>
  <testcase classname="com.crm.OrgTest.CreateOrganizatonTest" name="createOrgWithIndustries" time="8.525"/>
  <testcase classname="com.crm.OrgTest.CreateOrganizatonTest" name="createOrgWithPhoneNumber" time="11.909"/>
  <testcase classname="com.crm.ContactTest.CreateContactTest" name="createContactTest" time="10.52"/>
  <testcase classname="com.crm.ContactTest.CreateContactTest" name="createContactWithOrg" time="19.444"/>
  <testcase classname="com.crm.ContactTest.CreateContactTest" name="createContactWithSupportDateTest" time="8.76"/>
  <testcase classname="com.comcast.crm.basetest.BaseClass" name="@AfterSuite configAS" time="0.0">
    <ignored/>
  </testcase> <!-- @AfterSuite configAS -->
  <testcase classname="com.comcast.crm.basetest.BaseClass" name="@BeforeSuite configBS" time="0.0">
    <ignored/>
  </testcase> <!-- @BeforeSuite configBS -->
</testsuite> <!-- Test-edge -->
