<?xml version="1.0" encoding="UTF-8"?>
<!-- Generated by org.testng.reporters.JUnitReportReporter -->
<testsuite hostname="GOPIKA" failures="0" tests="1" name="com.comcast.crm.OrgTest.CreateOrganizatonTest" time="64.861" errors="0" timestamp="2024-08-10T12:58:29 IST" skipped="0">
  <testcase classname="com.comcast.crm.OrgTest.CreateOrganizatonTest" name="createOrgTest" time="64.861"/>
  <system-out/>
</testsuite> <!-- com.comcast.crm.OrgTest.CreateOrganizatonTest -->
