<?xml version="1.0" encoding="UTF-8"?>
<!-- Generated by org.testng.reporters.JUnitReportReporter -->
<testsuite hostname="GOPIKA" failures="0" tests="1" name="practice.homepgTest.SampleReportTest" time="2.830" errors="0" timestamp="2024-08-08T11:33:21 IST" skipped="0">
  <testcase classname="practice.homepgTest.SampleReportTest" name="createContact" time="2.830"/>
  <system-out/>
</testsuite> <!-- practice.homepgTest.SampleReportTest -->
