<?xml version="1.0" encoding="UTF-8"?>
<!-- Generated by org.testng.reporters.JUnitReportReporter -->
<testsuite hostname="GOPIKA" failures="0" tests="1" name="practice.homepgTest.InvoiceTest" time="0.012" errors="0" timestamp="2024-08-06T12:26:24 IST" skipped="0">
  <testcase classname="practice.homepgTest.InvoiceTest" name="activateSimTest" time="0.012"/>
  <system-out/>
</testsuite> <!-- practice.homepgTest.InvoiceTest -->
