<?xml version="1.0" encoding="UTF-8"?>
<!-- Generated by org.testng.reporters.JUnitReportReporter -->
<testsuite hostname="GOPIKA" failures="0" tests="6" name="com.crm.OrgTest.CreateOrganizatonTest" time="81.679" errors="0" timestamp="2024-08-05T16:15:37 IST" skipped="0">
  <testcase classname="com.crm.OrgTest.CreateOrganizatonTest" name="createOrgWithPhoneNumber" time="15.336"/>
  <system-out/>
  <testcase classname="com.crm.OrgTest.CreateOrganizatonTest" name="createOrgTest" time="12.156"/>
  <system-out/>
  <testcase classname="com.crm.OrgTest.CreateOrganizatonTest" name="createOrgWithPhoneNumber" time="18.055"/>
  <system-out/>
  <testcase classname="com.crm.OrgTest.CreateOrganizatonTest" name="createOrgTest" time="13.243"/>
  <system-out/>
  <testcase classname="com.crm.OrgTest.CreateOrganizatonTest" name="createOrgWithIndustries" time="10.485"/>
  <system-out/>
  <testcase classname="com.crm.OrgTest.CreateOrganizatonTest" name="createOrgWithIndustries" time="12.404"/>
  <system-out/>
</testsuite> <!-- com.crm.OrgTest.CreateOrganizatonTest -->
