<?xml version="1.0" encoding="UTF-8"?>
<!-- Generated by org.testng.reporters.JUnitReportReporter -->
<testsuite hostname="GOPIKA" failures="0" tests="2" name="com.crm.comcast.orgTest.CreateOrgTest" time="0.019" errors="0" timestamp="2024-08-02T15:19:38 IST" skipped="0">
  <testcase classname="com.crm.comcast.orgTest.CreateOrgTest" name="createOrgTest" time="0.014"/>
  <system-out/>
  <testcase classname="com.crm.comcast.orgTest.CreateOrgTest" name="createOrgWithIndustriesTest" time="0.005"/>
  <system-out/>
</testsuite> <!-- com.crm.comcast.orgTest.CreateOrgTest -->
