<?xml version="1.0" encoding="UTF-8"?>
<!-- Generated by org.testng.reporters.JUnitReportReporter -->
<testsuite hostname="GOPIKA" failures="0" tests="2" name="com.crm.comcast.orgTest.CreateOrg" time="0.028" errors="0" timestamp="2024-08-02T15:09:13 IST" skipped="0">
  <testcase classname="com.crm.comcast.orgTest.CreateOrg" name="createOrgTest" time="0.021"/>
  <system-out/>
  <testcase classname="com.crm.comcast.orgTest.CreateOrg" name="createOrgWithIndustriesTest" time="0.007"/>
  <system-out/>
</testsuite> <!-- com.crm.comcast.orgTest.CreateOrg -->
