<?xml version="1.0" encoding="UTF-8"?>
<!-- Generated by org.testng.reporters.JUnitReportReporter -->
<testsuite hostname="GOPIKA" failures="0" tests="6" name="com.crm.ContactTest.CreateContactTest" time="108.573" errors="0" timestamp="2024-08-05T16:15:37 IST" skipped="0">
  <testcase classname="com.crm.ContactTest.CreateContactTest" name="createContactWithOrg" time="24.033"/>
  <system-out/>
  <testcase classname="com.crm.ContactTest.CreateContactTest" name="createContactWithSupportDateTest" time="14.164"/>
  <system-out/>
  <testcase classname="com.crm.ContactTest.CreateContactTest" name="createContactWithOrg" time="24.322"/>
  <system-out/>
  <testcase classname="com.crm.ContactTest.CreateContactTest" name="createContactTest" time="17.332"/>
  <system-out/>
  <testcase classname="com.crm.ContactTest.CreateContactTest" name="createContactWithSupportDateTest" time="13.671"/>
  <system-out/>
  <testcase classname="com.crm.ContactTest.CreateContactTest" name="createContactTest" time="15.051"/>
  <system-out/>
</testsuite> <!-- com.crm.ContactTest.CreateContactTest -->
