<?xml version="1.0" encoding="UTF-8"?>
<!-- Generated by org.testng.reporters.JUnitReportReporter -->
<testsuite hostname="GOPIKA" failures="0" tests="2" name="com.crm.comcast.contactTest.CreateContactTest" time="0.024" errors="0" timestamp="2024-08-02T15:19:38 IST" skipped="0">
  <testcase classname="com.crm.comcast.contactTest.CreateContactTest" name="createContactWithDateTest" time="0.016"/>
  <system-out/>
  <testcase classname="com.crm.comcast.contactTest.CreateContactTest" name="createContactTest" time="0.008"/>
  <system-out/>
</testsuite> <!-- com.crm.comcast.contactTest.CreateContactTest -->
