<?xml version="1.0" encoding="UTF-8"?>
<!-- Generated by org.testng.reporters.JUnitReportReporter -->
<testsuite hostname="GOPIKA" failures="0" tests="1" name="practice.homepgTest.SampleTestForScreenShot" time="8.798" errors="0" timestamp="2024-08-05T17:00:01 IST" skipped="0">
  <testcase classname="practice.homepgTest.SampleTestForScreenShot" name="amazonTest" time="8.798"/>
  <system-out/>
</testsuite> <!-- practice.homepgTest.SampleTestForScreenShot -->
